{"numFailedTestSuites":3,"numFailedTests":3,"numPassedTestSuites":2,"numPassedTests":5,"numPendingTestSuites":0,"numPendingTests":0,"numRuntimeErrorTestSuites":0,"numTodoTests":0,"numTotalTestSuites":5,"numTotalTests":8,"openHandles":[],"snapshot":{"added":0,"didUpdate":false,"failure":false,"filesAdded":0,"filesRemoved":0,"filesRemovedList":[],"filesUnmatched":0,"filesUpdated":0,"matched":0,"total":0,"unchecked":0,"uncheckedKeysByFile":[],"unmatched":0,"updated":0},"startTime":1771758627340,"success":false,"testResults":[{"assertionResults":[{"ancestorTitles":["AppController","root"],"duration":52,"failing":false,"failureDetails":[],"failureMessages":[],"fullName":"AppController root should return \"Hello World!\"","invocations":1,"location":null,"numPassingAsserts":1,"retryReasons":[],"startAt":1771758630423,"status":"passed","title":"should return \"Hello World!\""}],"endTime":1771758630481,"message":"","name":"C:\\Users\\lifes\\Documents\\Projects\\E-Commerce\\apps\\api\\src\\app.controller.spec.ts","startTime":1771758628433,"status":"passed","summary":""},{"assertionResults":[{"ancestorTitles":["PrismaService"],"duration":65,"failing":false,"failureDetails":[],"failureMessages":[],"fullName":"PrismaService should be defined","invocations":1,"location":null,"numPassingAsserts":1,"retryReasons":[],"startAt":1771758630451,"status":"passed","title":"should be defined"}],"endTime":1771758630518,"message":"","name":"C:\\Users\\lifes\\Documents\\Projects\\E-Commerce\\apps\\api\\src\\prisma\\prisma.service.spec.ts","startTime":1771758628438,"status":"passed","summary":""},{"assertionResults":[{"ancestorTitles":["OrdersService"],"duration":31,"failing":false,"failureDetails":[],"failureMessages":[],"fullName":"OrdersService should be defined","invocations":1,"location":null,"numPassingAsserts":1,"retryReasons":[],"startAt":1771758630537,"status":"passed","title":"should be defined"},{"ancestorTitles":["OrdersService"],"duration":5,"failing":false,"failureDetails":[{"response":{"message":"Order must contain at least one item","error":"Bad Request","statusCode":400},"status":400,"options":{},"message":"Order must contain at least one item","name":"BadRequestException"}],"failureMessages":["BadRequestException: Order must contain at least one item\n    at OrdersService.create (C:\\Users\\lifes\\Documents\\Projects\\E-Commerce\\apps\\api\\src\\orders\\orders.service.ts:16:13)\n    at Object.<anonymous> (C:\\Users\\lifes\\Documents\\Projects\\E-Commerce\\apps\\api\\src\\orders\\orders.service.spec.ts:51:33)\n    at Promise.finally.completed (C:\\Users\\lifes\\Documents\\Projects\\E-Commerce\\node_modules\\jest-circus\\build\\jestAdapterInit.js:1557:28)\n    at new Promise (<anonymous>)\n    at callAsyncCircusFn (C:\\Users\\lifes\\Documents\\Projects\\E-Commerce\\node_modules\\jest-circus\\build\\jestAdapterInit.js:1497:10)\n    at _callCircusTest (C:\\Users\\lifes\\Documents\\Projects\\E-Commerce\\node_modules\\jest-circus\\build\\jestAdapterInit.js:1007:40)\n    at processTicksAndRejections (node:internal/process/task_queues:105:5)\n    at _runTest (C:\\Users\\lifes\\Documents\\Projects\\E-Commerce\\node_modules\\jest-circus\\build\\jestAdapterInit.js:947:3)\n    at C:\\Users\\lifes\\Documents\\Projects\\E-Commerce\\node_modules\\jest-circus\\build\\jestAdapterInit.js:849:7\n    at _runTestsForDescribeBlock (C:\\Users\\lifes\\Documents\\Projects\\E-Commerce\\node_modules\\jest-circus\\build\\jestAdapterInit.js:862:11)\n    at _runTestsForDescribeBlock (C:\\Users\\lifes\\Documents\\Projects\\E-Commerce\\node_modules\\jest-circus\\build\\jestAdapterInit.js:857:11)\n    at run (C:\\Users\\lifes\\Documents\\Projects\\E-Commerce\\node_modules\\jest-circus\\build\\jestAdapterInit.js:761:3)\n    at runAndTransformResultsToJestFormat (C:\\Users\\lifes\\Documents\\Projects\\E-Commerce\\node_modules\\jest-circus\\build\\jestAdapterInit.js:1918:21)\n    at jestAdapter (C:\\Users\\lifes\\Documents\\Projects\\E-Commerce\\node_modules\\jest-circus\\build\\runner.js:101:19)\n    at runTestInternal (C:\\Users\\lifes\\Documents\\Projects\\E-Commerce\\node_modules\\jest-runner\\build\\testWorker.js:275:16)\n    at runTest (C:\\Users\\lifes\\Documents\\Projects\\E-Commerce\\node_modules\\jest-runner\\build\\testWorker.js:343:7)\n    at Object.worker (C:\\Users\\lifes\\Documents\\Projects\\E-Commerce\\node_modules\\jest-runner\\build\\testWorker.js:497:12)"],"fullName":"OrdersService should create an order successfully","invocations":1,"location":null,"numPassingAsserts":0,"retryReasons":[],"startAt":1771758630569,"status":"failed","title":"should create an order successfully"},{"ancestorTitles":["OrdersService"],"duration":7,"failing":false,"failureDetails":[],"failureMessages":[],"fullName":"OrdersService should fetch orders by user id","invocations":1,"location":null,"numPassingAsserts":2,"retryReasons":[],"startAt":1771758630590,"status":"passed","title":"should fetch orders by user id"},{"ancestorTitles":["OrdersService"],"duration":6,"failing":false,"failureDetails":[],"failureMessages":[],"fullName":"OrdersService should update order status","invocations":1,"location":null,"numPassingAsserts":2,"retryReasons":[],"startAt":1771758630597,"status":"passed","title":"should update order status"}],"endTime":1771758630630,"message":"\u001b[1m\u001b[31m  \u001b[1m● \u001b[22m\u001b[1mOrdersService › should create an order successfully\u001b[39m\u001b[22m\n\n    BadRequestException: Order must contain at least one item\n\u001b[2m\u001b[22m\n\u001b[2m    \u001b[0m \u001b[90m 14 |\u001b[39m   \u001b[36masync\u001b[39m create(userId\u001b[33m:\u001b[39m string\u001b[33m,\u001b[39m data\u001b[33m:\u001b[39m \u001b[33mCreateOrderDto\u001b[39m) {\u001b[22m\n\u001b[2m     \u001b[90m 15 |\u001b[39m     \u001b[36mif\u001b[39m (\u001b[33m!\u001b[39mdata\u001b[33m.\u001b[39mitems \u001b[33m||\u001b[39m data\u001b[33m.\u001b[39mitems\u001b[33m.\u001b[39mlength \u001b[33m===\u001b[39m \u001b[35m0\u001b[39m) {\u001b[22m\n\u001b[2m    \u001b[31m\u001b[1m>\u001b[22m\u001b[2m\u001b[39m\u001b[90m 16 |\u001b[39m       \u001b[36mthrow\u001b[39m \u001b[36mnew\u001b[39m \u001b[33mBadRequestException\u001b[39m(\u001b[32m'Order must contain at least one item'\u001b[39m)\u001b[33m;\u001b[39m\u001b[22m\n\u001b[2m     \u001b[90m    |\u001b[39m             \u001b[31m\u001b[1m^\u001b[22m\u001b[2m\u001b[39m\u001b[22m\n\u001b[2m     \u001b[90m 17 |\u001b[39m     }\u001b[22m\n\u001b[2m     \u001b[90m 18 |\u001b[39m\u001b[22m\n\u001b[2m     \u001b[90m 19 |\u001b[39m     \u001b[36mconst\u001b[39m productIds \u001b[33m=\u001b[39m data\u001b[33m.\u001b[39mitems\u001b[33m.\u001b[39mmap((item) \u001b[33m=>\u001b[39m item\u001b[33m.\u001b[39mproductId)\u001b[33m;\u001b[39m\u001b[0m\u001b[22m\n\u001b[2m\u001b[22m\n\u001b[2m      \u001b[2mat OrdersService.create (\u001b[22m\u001b[2morders/orders.service.ts\u001b[2m:16:13)\u001b[22m\u001b[2m\u001b[22m\n\u001b[2m      \u001b[2mat Object.<anonymous> (\u001b[22m\u001b[2m\u001b[0m\u001b[36morders/orders.service.spec.ts\u001b[39m\u001b[0m\u001b[2m:51:33)\u001b[22m\u001b[2m\u001b[22m\n","name":"C:\\Users\\lifes\\Documents\\Projects\\E-Commerce\\apps\\api\\src\\orders\\orders.service.spec.ts","startTime":1771758628426,"status":"failed","summary":""},{"assertionResults":[{"ancestorTitles":["AuthService"],"duration":23,"failing":false,"failureDetails":[{"type":"AuthService","context":{"index":0,"dependencies":[null,null]},"metadata":{"id":"2f28233206c4027454181"},"moduleRef":{"id":"857f3866882f28233206c"}}],"failureMessages":["Error: Nest can't resolve dependencies of the AuthService (?, JwtService). Please make sure that the argument PrismaService at index [0] is available in the RootTestModule context.\n\nPotential solutions:\n- Is RootTestModule a valid NestJS module?\n- If PrismaService is a provider, is it part of the current RootTestModule?\n- If PrismaService is exported from a separate @Module, is that module imported within RootTestModule?\n  @Module({\n    imports: [ /* the Module containing PrismaService */ ]\n  })\n\nFor more common dependency resolution issues, see: https://docs.nestjs.com/faq/common-errors\n    at TestingInjector.lookupComponentInParentModules (C:\\Users\\lifes\\Documents\\Projects\\E-Commerce\\node_modules\\@nestjs\\core\\injector\\injector.js:290:19)\n    at processTicksAndRejections (node:internal/process/task_queues:105:5)\n    at TestingInjector.resolveComponentWrapper (C:\\Users\\lifes\\Documents\\Projects\\E-Commerce\\node_modules\\@nestjs\\testing\\testing-injector.js:19:45)\n    at resolveParam (C:\\Users\\lifes\\Documents\\Projects\\E-Commerce\\node_modules\\@nestjs\\core\\injector\\injector.js:140:38)\n    at async Promise.all (index 0)\n    at TestingInjector.resolveConstructorParams (C:\\Users\\lifes\\Documents\\Projects\\E-Commerce\\node_modules\\@nestjs\\core\\injector\\injector.js:169:27)\n    at TestingInjector.loadInstance (C:\\Users\\lifes\\Documents\\Projects\\E-Commerce\\node_modules\\@nestjs\\core\\injector\\injector.js:75:13)\n    at TestingInjector.loadProvider (C:\\Users\\lifes\\Documents\\Projects\\E-Commerce\\node_modules\\@nestjs\\core\\injector\\injector.js:103:9)\n    at C:\\Users\\lifes\\Documents\\Projects\\E-Commerce\\node_modules\\@nestjs\\core\\injector\\instance-loader.js:56:13\n    at async Promise.all (index 3)\n    at TestingInstanceLoader.createInstancesOfProviders (C:\\Users\\lifes\\Documents\\Projects\\E-Commerce\\node_modules\\@nestjs\\core\\injector\\instance-loader.js:55:9)\n    at C:\\Users\\lifes\\Documents\\Projects\\E-Commerce\\node_modules\\@nestjs\\core\\injector\\instance-loader.js:40:13\n    at async Promise.all (index 1)\n    at TestingInstanceLoader.createInstances (C:\\Users\\lifes\\Documents\\Projects\\E-Commerce\\node_modules\\@nestjs\\core\\injector\\instance-loader.js:39:9)\n    at TestingInstanceLoader.createInstancesOfDependencies (C:\\Users\\lifes\\Documents\\Projects\\E-Commerce\\node_modules\\@nestjs\\core\\injector\\instance-loader.js:22:13)\n    at TestingInstanceLoader.createInstancesOfDependencies (C:\\Users\\lifes\\Documents\\Projects\\E-Commerce\\node_modules\\@nestjs\\testing\\testing-instance-loader.js:9:9)\n    at TestingModuleBuilder.createInstancesOfDependencies (C:\\Users\\lifes\\Documents\\Projects\\E-Commerce\\node_modules\\@nestjs\\testing\\testing-module.builder.js:118:9)\n    at TestingModuleBuilder.compile (C:\\Users\\lifes\\Documents\\Projects\\E-Commerce\\node_modules\\@nestjs\\testing\\testing-module.builder.js:74:9)\n    at Object.<anonymous> (C:\\Users\\lifes\\Documents\\Projects\\E-Commerce\\apps\\api\\src\\auth\\auth.service.spec.ts:8:35)"],"fullName":"AuthService should be defined","invocations":1,"location":null,"numPassingAsserts":0,"retryReasons":[],"startAt":1771758630621,"status":"failed","title":"should be defined"}],"endTime":1771758630672,"message":"\u001b[1m\u001b[31m  \u001b[1m● \u001b[22m\u001b[1mAuthService › should be defined\u001b[39m\u001b[22m\n\n    Nest can't resolve dependencies of the AuthService (?, JwtService). Please make sure that the argument PrismaService at index [0] is available in the RootTestModule context.\n\n    Potential solutions:\n    - Is RootTestModule a valid NestJS module?\n    - If PrismaService is a provider, is it part of the current RootTestModule?\n    - If PrismaService is exported from a separate @Module, is that module imported within RootTestModule?\n      @Module({\n        imports: [ /* the Module containing PrismaService */ ]\n      })\n\n    For more common dependency resolution issues, see: https://docs.nestjs.com/faq/common-errors\n\u001b[2m\u001b[22m\n\u001b[2m    \u001b[0m \u001b[90m  6 |\u001b[39m\u001b[22m\n\u001b[2m     \u001b[90m  7 |\u001b[39m   beforeEach(\u001b[36masync\u001b[39m () \u001b[33m=>\u001b[39m {\u001b[22m\n\u001b[2m    \u001b[31m\u001b[1m>\u001b[22m\u001b[2m\u001b[39m\u001b[90m  8 |\u001b[39m     \u001b[36mconst\u001b[39m module\u001b[33m:\u001b[39m \u001b[33mTestingModule\u001b[39m \u001b[33m=\u001b[39m \u001b[36mawait\u001b[39m \u001b[33mTest\u001b[39m\u001b[33m.\u001b[39mcreateTestingModule({\u001b[22m\n\u001b[2m     \u001b[90m    |\u001b[39m                                   \u001b[31m\u001b[1m^\u001b[22m\u001b[2m\u001b[39m\u001b[22m\n\u001b[2m     \u001b[90m  9 |\u001b[39m       providers\u001b[33m:\u001b[39m [\u001b[33mAuthService\u001b[39m]\u001b[33m,\u001b[39m\u001b[22m\n\u001b[2m     \u001b[90m 10 |\u001b[39m     })\u001b[33m.\u001b[39mcompile()\u001b[33m;\u001b[39m\u001b[22m\n\u001b[2m     \u001b[90m 11 |\u001b[39m\u001b[0m\u001b[22m\n\u001b[2m\u001b[22m\n\u001b[2m      \u001b[2mat TestingInjector.lookupComponentInParentModules (\u001b[22m\u001b[2m../../../node_modules/@nestjs/core/injector/injector.js\u001b[2m:290:19)\u001b[22m\u001b[2m\u001b[22m\n\u001b[2m      \u001b[2mat TestingInjector.resolveComponentWrapper (\u001b[22m\u001b[2m../../../node_modules/@nestjs/testing/testing-injector.js\u001b[2m:19:45)\u001b[22m\u001b[2m\u001b[22m\n\u001b[2m      \u001b[2mat resolveParam (\u001b[22m\u001b[2m../../../node_modules/@nestjs/core/injector/injector.js\u001b[2m:140:38)\u001b[22m\u001b[2m\u001b[22m\n\u001b[2m          at async Promise.all (index 0)\u001b[22m\n\u001b[2m      \u001b[2mat TestingInjector.resolveConstructorParams (\u001b[22m\u001b[2m../../../node_modules/@nestjs/core/injector/injector.js\u001b[2m:169:27)\u001b[22m\u001b[2m\u001b[22m\n\u001b[2m      \u001b[2mat TestingInjector.loadInstance (\u001b[22m\u001b[2m../../../node_modules/@nestjs/core/injector/injector.js\u001b[2m:75:13)\u001b[22m\u001b[2m\u001b[22m\n\u001b[2m      \u001b[2mat TestingInjector.loadProvider (\u001b[22m\u001b[2m../../../node_modules/@nestjs/core/injector/injector.js\u001b[2m:103:9)\u001b[22m\u001b[2m\u001b[22m\n\u001b[2m      \u001b[2mat \u001b[22m\u001b[2m../../../node_modules/@nestjs/core/injector/instance-loader.js\u001b[2m:56:13\u001b[22m\u001b[2m\u001b[22m\n\u001b[2m          at async Promise.all (index 3)\u001b[22m\n\u001b[2m      \u001b[2mat TestingInstanceLoader.createInstancesOfProviders (\u001b[22m\u001b[2m../../../node_modules/@nestjs/core/injector/instance-loader.js\u001b[2m:55:9)\u001b[22m\u001b[2m\u001b[22m\n\u001b[2m      \u001b[2mat \u001b[22m\u001b[2m../../../node_modules/@nestjs/core/injector/instance-loader.js\u001b[2m:40:13\u001b[22m\u001b[2m\u001b[22m\n\u001b[2m          at async Promise.all (index 1)\u001b[22m\n\u001b[2m      \u001b[2mat TestingInstanceLoader.createInstances (\u001b[22m\u001b[2m../../../node_modules/@nestjs/core/injector/instance-loader.js\u001b[2m:39:9)\u001b[22m\u001b[2m\u001b[22m\n\u001b[2m      \u001b[2mat TestingInstanceLoader.createInstancesOfDependencies (\u001b[22m\u001b[2m../../../node_modules/@nestjs/core/injector/instance-loader.js\u001b[2m:22:13)\u001b[22m\u001b[2m\u001b[22m\n\u001b[2m      \u001b[2mat TestingInstanceLoader.createInstancesOfDependencies (\u001b[22m\u001b[2m../../../node_modules/@nestjs/testing/testing-instance-loader.js\u001b[2m:9:9)\u001b[22m\u001b[2m\u001b[22m\n\u001b[2m      \u001b[2mat TestingModuleBuilder.createInstancesOfDependencies (\u001b[22m\u001b[2m../../../node_modules/@nestjs/testing/testing-module.builder.js\u001b[2m:118:9)\u001b[22m\u001b[2m\u001b[22m\n\u001b[2m      \u001b[2mat TestingModuleBuilder.compile (\u001b[22m\u001b[2m../../../node_modules/@nestjs/testing/testing-module.builder.js\u001b[2m:74:9)\u001b[22m\u001b[2m\u001b[22m\n\u001b[2m      \u001b[2mat Object.<anonymous> (\u001b[22m\u001b[2m\u001b[0m\u001b[36mauth/auth.service.spec.ts\u001b[39m\u001b[0m\u001b[2m:8:35)\u001b[22m\u001b[2m\u001b[22m\n","name":"C:\\Users\\lifes\\Documents\\Projects\\E-Commerce\\apps\\api\\src\\auth\\auth.service.spec.ts","startTime":1771758628436,"status":"failed","summary":""},{"assertionResults":[{"ancestorTitles":["AuthController"],"duration":15,"failing":false,"failureDetails":[{"type":"AuthController","context":{"index":0,"dependencies":[null]},"metadata":{"id":"dd77d8b44db593a5cb187"},"moduleRef":{"id":"9e5ff55ff3dd77d8b44db"}}],"failureMessages":["Error: Nest can't resolve dependencies of the AuthController (?). Please make sure that the argument AuthService at index [0] is available in the RootTestModule context.\n\nPotential solutions:\n- Is RootTestModule a valid NestJS module?\n- If AuthService is a provider, is it part of the current RootTestModule?\n- If AuthService is exported from a separate @Module, is that module imported within RootTestModule?\n  @Module({\n    imports: [ /* the Module containing AuthService */ ]\n  })\n\nFor more common dependency resolution issues, see: https://docs.nestjs.com/faq/common-errors\n    at TestingInjector.lookupComponentInParentModules (C:\\Users\\lifes\\Documents\\Projects\\E-Commerce\\node_modules\\@nestjs\\core\\injector\\injector.js:290:19)\n    at processTicksAndRejections (node:internal/process/task_queues:105:5)\n    at TestingInjector.resolveComponentWrapper (C:\\Users\\lifes\\Documents\\Projects\\E-Commerce\\node_modules\\@nestjs\\testing\\testing-injector.js:19:45)\n    at resolveParam (C:\\Users\\lifes\\Documents\\Projects\\E-Commerce\\node_modules\\@nestjs\\core\\injector\\injector.js:140:38)\n    at async Promise.all (index 0)\n    at TestingInjector.resolveConstructorParams (C:\\Users\\lifes\\Documents\\Projects\\E-Commerce\\node_modules\\@nestjs\\core\\injector\\injector.js:169:27)\n    at TestingInjector.loadInstance (C:\\Users\\lifes\\Documents\\Projects\\E-Commerce\\node_modules\\@nestjs\\core\\injector\\injector.js:75:13)\n    at TestingInjector.loadController (C:\\Users\\lifes\\Documents\\Projects\\E-Commerce\\node_modules\\@nestjs\\core\\injector\\injector.js:94:9)\n    at C:\\Users\\lifes\\Documents\\Projects\\E-Commerce\\node_modules\\@nestjs\\core\\injector\\instance-loader.js:68:13\n    at async Promise.all (index 0)\n    at TestingInstanceLoader.createInstancesOfControllers (C:\\Users\\lifes\\Documents\\Projects\\E-Commerce\\node_modules\\@nestjs\\core\\injector\\instance-loader.js:67:9)\n    at C:\\Users\\lifes\\Documents\\Projects\\E-Commerce\\node_modules\\@nestjs\\core\\injector\\instance-loader.js:42:13\n    at async Promise.all (index 1)\n    at TestingInstanceLoader.createInstances (C:\\Users\\lifes\\Documents\\Projects\\E-Commerce\\node_modules\\@nestjs\\core\\injector\\instance-loader.js:39:9)\n    at TestingInstanceLoader.createInstancesOfDependencies (C:\\Users\\lifes\\Documents\\Projects\\E-Commerce\\node_modules\\@nestjs\\core\\injector\\instance-loader.js:22:13)\n    at TestingInstanceLoader.createInstancesOfDependencies (C:\\Users\\lifes\\Documents\\Projects\\E-Commerce\\node_modules\\@nestjs\\testing\\testing-instance-loader.js:9:9)\n    at TestingModuleBuilder.createInstancesOfDependencies (C:\\Users\\lifes\\Documents\\Projects\\E-Commerce\\node_modules\\@nestjs\\testing\\testing-module.builder.js:118:9)\n    at TestingModuleBuilder.compile (C:\\Users\\lifes\\Documents\\Projects\\E-Commerce\\node_modules\\@nestjs\\testing\\testing-module.builder.js:74:9)\n    at Object.<anonymous> (C:\\Users\\lifes\\Documents\\Projects\\E-Commerce\\apps\\api\\src\\auth\\auth.controller.spec.ts:8:35)"],"fullName":"AuthController should be defined","invocations":1,"location":null,"numPassingAsserts":0,"retryReasons":[],"startAt":1771758631073,"status":"failed","title":"should be defined"}],"endTime":1771758631106,"message":"\u001b[1m\u001b[31m  \u001b[1m● \u001b[22m\u001b[1mAuthController › should be defined\u001b[39m\u001b[22m\n\n    Nest can't resolve dependencies of the AuthController (?). Please make sure that the argument AuthService at index [0] is available in the RootTestModule context.\n\n    Potential solutions:\n    - Is RootTestModule a valid NestJS module?\n    - If AuthService is a provider, is it part of the current RootTestModule?\n    - If AuthService is exported from a separate @Module, is that module imported within RootTestModule?\n      @Module({\n        imports: [ /* the Module containing AuthService */ ]\n      })\n\n    For more common dependency resolution issues, see: https://docs.nestjs.com/faq/common-errors\n\u001b[2m\u001b[22m\n\u001b[2m    \u001b[0m \u001b[90m  6 |\u001b[39m\u001b[22m\n\u001b[2m     \u001b[90m  7 |\u001b[39m   beforeEach(\u001b[36masync\u001b[39m () \u001b[33m=>\u001b[39m {\u001b[22m\n\u001b[2m    \u001b[31m\u001b[1m>\u001b[22m\u001b[2m\u001b[39m\u001b[90m  8 |\u001b[39m     \u001b[36mconst\u001b[39m module\u001b[33m:\u001b[39m \u001b[33mTestingModule\u001b[39m \u001b[33m=\u001b[39m \u001b[36mawait\u001b[39m \u001b[33mTest\u001b[39m\u001b[33m.\u001b[39mcreateTestingModule({\u001b[22m\n\u001b[2m     \u001b[90m    |\u001b[39m                                   \u001b[31m\u001b[1m^\u001b[22m\u001b[2m\u001b[39m\u001b[22m\n\u001b[2m     \u001b[90m  9 |\u001b[39m       controllers\u001b[33m:\u001b[39m [\u001b[33mAuthController\u001b[39m]\u001b[33m,\u001b[39m\u001b[22m\n\u001b[2m     \u001b[90m 10 |\u001b[39m     })\u001b[33m.\u001b[39mcompile()\u001b[33m;\u001b[39m\u001b[22m\n\u001b[2m     \u001b[90m 11 |\u001b[39m\u001b[0m\u001b[22m\n\u001b[2m\u001b[22m\n\u001b[2m      \u001b[2mat TestingInjector.lookupComponentInParentModules (\u001b[22m\u001b[2m../../../node_modules/@nestjs/core/injector/injector.js\u001b[2m:290:19)\u001b[22m\u001b[2m\u001b[22m\n\u001b[2m      \u001b[2mat TestingInjector.resolveComponentWrapper (\u001b[22m\u001b[2m../../../node_modules/@nestjs/testing/testing-injector.js\u001b[2m:19:45)\u001b[22m\u001b[2m\u001b[22m\n\u001b[2m      \u001b[2mat resolveParam (\u001b[22m\u001b[2m../../../node_modules/@nestjs/core/injector/injector.js\u001b[2m:140:38)\u001b[22m\u001b[2m\u001b[22m\n\u001b[2m          at async Promise.all (index 0)\u001b[22m\n\u001b[2m      \u001b[2mat TestingInjector.resolveConstructorParams (\u001b[22m\u001b[2m../../../node_modules/@nestjs/core/injector/injector.js\u001b[2m:169:27)\u001b[22m\u001b[2m\u001b[22m\n\u001b[2m      \u001b[2mat TestingInjector.loadInstance (\u001b[22m\u001b[2m../../../node_modules/@nestjs/core/injector/injector.js\u001b[2m:75:13)\u001b[22m\u001b[2m\u001b[22m\n\u001b[2m      \u001b[2mat TestingInjector.loadController (\u001b[22m\u001b[2m../../../node_modules/@nestjs/core/injector/injector.js\u001b[2m:94:9)\u001b[22m\u001b[2m\u001b[22m\n\u001b[2m      \u001b[2mat \u001b[22m\u001b[2m../../../node_modules/@nestjs/core/injector/instance-loader.js\u001b[2m:68:13\u001b[22m\u001b[2m\u001b[22m\n\u001b[2m          at async Promise.all (index 0)\u001b[22m\n\u001b[2m      \u001b[2mat TestingInstanceLoader.createInstancesOfControllers (\u001b[22m\u001b[2m../../../node_modules/@nestjs/core/injector/instance-loader.js\u001b[2m:67:9)\u001b[22m\u001b[2m\u001b[22m\n\u001b[2m      \u001b[2mat \u001b[22m\u001b[2m../../../node_modules/@nestjs/core/injector/instance-loader.js\u001b[2m:42:13\u001b[22m\u001b[2m\u001b[22m\n\u001b[2m          at async Promise.all (index 1)\u001b[22m\n\u001b[2m      \u001b[2mat TestingInstanceLoader.createInstances (\u001b[22m\u001b[2m../../../node_modules/@nestjs/core/injector/instance-loader.js\u001b[2m:39:9)\u001b[22m\u001b[2m\u001b[22m\n\u001b[2m      \u001b[2mat TestingInstanceLoader.createInstancesOfDependencies (\u001b[22m\u001b[2m../../../node_modules/@nestjs/core/injector/instance-loader.js\u001b[2m:22:13)\u001b[22m\u001b[2m\u001b[22m\n\u001b[2m      \u001b[2mat TestingInstanceLoader.createInstancesOfDependencies (\u001b[22m\u001b[2m../../../node_modules/@nestjs/testing/testing-instance-loader.js\u001b[2m:9:9)\u001b[22m\u001b[2m\u001b[22m\n\u001b[2m      \u001b[2mat TestingModuleBuilder.createInstancesOfDependencies (\u001b[22m\u001b[2m../../../node_modules/@nestjs/testing/testing-module.builder.js\u001b[2m:118:9)\u001b[22m\u001b[2m\u001b[22m\n\u001b[2m      \u001b[2mat TestingModuleBuilder.compile (\u001b[22m\u001b[2m../../../node_modules/@nestjs/testing/testing-module.builder.js\u001b[2m:74:9)\u001b[22m\u001b[2m\u001b[22m\n\u001b[2m      \u001b[2mat Object.<anonymous> (\u001b[22m\u001b[2m\u001b[0m\u001b[36mauth/auth.controller.spec.ts\u001b[39m\u001b[0m\u001b[2m:8:35)\u001b[22m\u001b[2m\u001b[22m\n","name":"C:\\Users\\lifes\\Documents\\Projects\\E-Commerce\\apps\\api\\src\\auth\\auth.controller.spec.ts","startTime":1771758628430,"status":"failed","summary":""}],"wasInterrupted":false}
